automatically builded mdl file by CMolecule::WriteInMDLFile
automatically built MDL file
written by SmallMoleculeFactory::WriteToMDLFile method
113119  0  0  0  0  0  0  0  0  1 V2000
   -5.0948    2.8576    0.0914  C  0  0  0  0  0  0  0  0  0  0  0  0
   -4.6672    3.7728    0.8010  O  0  0  0  0  0  0  0  0  0  0  0  0
   -6.4683    3.0678   -0.5113  C  0  0  0  0  0  0  0  0  0  0  0  0
   -7.0695    2.1940   -1.4128  C  0  0  0  0  0  0  0  0  0  0  0  0
   -8.3414    2.4521   -1.9113  C  0  0  0  0  0  0  0  0  0  0  0  0
   -9.0270    3.5934   -1.5136  C  0  0  0  0  0  0  0  0  0  0  0  0
   -8.4323    4.4761   -0.6211  C  0  0  0  0  0  0  0  0  0  0  0  0
   -7.1605    4.2120   -0.1263  C  0  0  0  0  0  0  0  0  0  0  0  0
   -4.2200    1.6952   -0.0415  N  0  0  0  0  0  0  0  0  0  0  0  0
   -4.4679    0.3603   -0.6152  C  0  0  0  0  0  0  0  0  0  0  0  0
   -5.6711   -0.3272    0.0202  C  0  0  0  0  0  0  0  0  0  0  0  0
   -6.3541   -1.3090   -0.6904  C  0  0  0  0  0  0  0  0  0  0  0  0
   -7.4507   -1.9478   -0.1236  C  0  0  0  0  0  0  0  0  0  0  0  0
   -7.8661   -1.6093    1.1587  C  0  0  0  0  0  0  0  0  0  0  0  0
   -7.1830   -0.6329    1.8741  C  0  0  0  0  0  0  0  0  0  0  0  0
   -6.0871    0.0054    1.3058  C  0  0  0  0  0  0  0  0  0  0  0  0
   -3.2543   -0.4889   -0.1572  C  0  0  0  0  0  0  0  0  0  0  0  0
   -0.7856   -0.5128    0.1034  O  0  0  0  0  0  0  0  0  0  0  0  0
   -1.9022    0.0048   -0.6099  C  0  0  0  0  0  0  0  0  0  0  0  0
   -3.3848   -1.8569   -0.5330  O  0  0  0  0  0  0  0  0  0  0  0  0
   -1.8115    0.8241   -1.5258  O  0  0  0  0  0  0  0  0  0  0  0  0
    0.6377   -0.1621   -0.1427  C  0  0  0  0  0  0  0  0  0  0  0  0
    1.0401    1.3228   -0.0900  C  0  0  0  0  0  0  0  0  0  0  0  0
    1.2799   -0.9086    1.0313  C  0  0  0  0  0  0  0  0  0  0  0  0
    2.6079   -0.3450    1.6715  C  0  0  0  0  0  0  0  0  0  0  0  0
    2.1978    0.9978    2.1492  C  0  0  0  0  0  0  0  0  0  0  0  0
    1.8172    1.8142    0.9365  C  0  0  0  0  0  0  0  0  0  0  0  0
    0.6295    2.1783   -1.3004  C  0  0  0  0  0  0  0  0  0  0  0  0
    0.9474    0.8604    3.0756  C  0  0  0  0  0  0  0  0  0  0  0  0
    3.3021    1.6527    3.0150  C  0  0  0  0  0  0  0  0  0  0  0  0
    2.3891    3.1602    0.9180  C  0  0  0  0  0  0  0  0  0  0  0  0
    3.3772    3.1963   -0.2529  C  0  0  0  0  0  0  0  0  0  0  0  0
    4.6823    2.3762   -0.4314  C  0  0  0  0  0  0  0  0  0  0  0  0
    4.6571    0.6191   -0.3889  C  0  0  0  0  0  0  0  0  0  0  0  0
    4.0708   -0.3106    0.8924  C  0  0  0  0  0  0  0  0  0  0  0  0
    5.6944    2.8547    0.5944  C  0  0  0  0  0  0  0  0  0  0  0  0
    7.1734    2.3844    0.1383  C  0  0  0  0  0  0  0  0  0  0  0  0
    7.3260    0.9846   -0.6680  C  0  0  0  0  0  0  0  0  0  0  0  0
    6.2246    0.0273   -0.3192  C  0  0  0  0  0  0  0  0  0  0  0  0
    1.3811    4.1500    0.6936  O  0  0  0  0  0  0  0  0  0  0  0  0
    1.8949    5.4434    0.8769  C  0  0  0  0  0  0  0  0  0  0  0  0
    1.0123    6.6297    0.6413  C  0  0  0  0  0  0  0  0  0  0  0  0
    3.0637    5.6129    1.2459  O  0  0  0  0  0  0  0  0  0  0  0  0
    3.1241    3.9973   -1.1593  O  0  0  0  0  0  0  0  0  0  0  0  0
    2.8701   -1.1628    2.8092  O  0  0  0  0  0  0  0  0  0  0  0  0
    4.3715   -1.7304    0.6686  O  0  0  0  0  0  0  0  0  0  0  0  0
    3.7652   -2.3794   -0.4412  C  0  0  0  0  0  0  0  0  0  0  0  0
    4.0058   -3.8008   -0.6227  C  0  0  0  0  0  0  0  0  0  0  0  0
    3.4687   -4.4670   -1.7169  C  0  0  0  0  0  0  0  0  0  0  0  0
    3.7046   -5.8268   -1.8846  C  0  0  0  0  0  0  0  0  0  0  0  0
    4.7773   -4.4915    0.3056  C  0  0  0  0  0  0  0  0  0  0  0  0
    5.0126   -5.8515    0.1373  C  0  0  0  0  0  0  0  0  0  0  0  0
    4.4764   -6.5193   -0.9581  C  0  0  0  0  0  0  0  0  0  0  0  0
    3.0618   -1.7565   -1.2444  O  0  0  0  0  0  0  0  0  0  0  0  0
    8.1257    0.1058    0.2004  O  0  0  0  0  0  0  0  0  0  0  0  0
    6.2895   -1.3005   -1.0583  O  0  0  0  0  0  0  0  0  0  0  0  0
    6.9471   -0.0521    1.0447  C  0  0  0  0  0  0  0  0  0  0  0  0
    7.4857   -2.1117   -1.2667  C  0  0  0  0  0  0  0  0  0  0  0  0
    7.3578   -3.3735   -2.0648  C  0  0  0  0  0  0  0  0  0  0  0  0
    8.6071   -1.8284   -0.8452  O  0  0  0  0  0  0  0  0  0  0  0  0
    5.1222    2.9112   -1.8477  C  0  0  0  0  0  0  0  0  0  0  0  0
    5.7462    4.2725    0.7005  O  0  0  0  0  0  0  0  0  0  0  0  0
   -6.5812    1.3717   -1.7050  H  0  0  0  0  0  0  0  0  0  0  0  0
   -8.7634    1.8156   -2.5569  H  0  0  0  0  0  0  0  0  0  0  0  0
   -9.9436    3.7783   -1.8680  H  0  0  0  0  0  0  0  0  0  0  0  0
   -8.9190    5.3014   -0.3346  H  0  0  0  0  0  0  0  0  0  0  0  0
   -6.7375    4.8525    0.5146  H  0  0  0  0  0  0  0  0  0  0  0  0
   -3.2962    1.8276    0.3177  H  0  0  0  0  0  0  0  0  0  0  0  0
   -4.6127    0.4436   -1.6012  H  0  0  0  0  0  0  0  0  0  0  0  0
   -6.0551   -1.5560   -1.6121  H  0  0  0  0  0  0  0  0  0  0  0  0
   -7.9408   -2.6511   -0.6386  H  0  0  0  0  0  0  0  0  0  0  0  0
   -8.6558   -2.0678    1.5663  H  0  0  0  0  0  0  0  0  0  0  0  0
   -7.4800   -0.3898    2.7975  H  0  0  0  0  0  0  0  0  0  0  0  0
   -5.5956    0.7063    1.8227  H  0  0  0  0  0  0  0  0  0  0  0  0
   -3.2794   -0.3901    0.8376  H  0  0  0  0  0  0  0  0  0  0  0  0
   -2.5839   -2.3670   -0.2195  H  0  0  0  0  0  0  0  0  0  0  0  0
    0.9058   -0.3958   -1.0773  H  0  0  0  0  0  0  0  0  0  0  0  0
    0.5974   -0.9463    1.7612  H  0  0  0  0  0  0  0  0  0  0  0  0
    1.4800   -1.8353    0.7132  H  0  0  0  0  0  0  0  0  0  0  0  0
    0.9380    3.1196   -1.1639  H  0  0  0  0  0  0  0  0  0  0  0  0
   -0.3658    2.1648   -1.3964  H  0  0  0  0  0  0  0  0  0  0  0  0
    1.0490    1.8074   -2.1290  H  0  0  0  0  0  0  0  0  0  0  0  0
    0.6700    1.7653    3.3983  H  0  0  0  0  0  0  0  0  0  0  0  0
    1.1747    0.2827    3.8596  H  0  0  0  0  0  0  0  0  0  0  0  0
    0.1960    0.4451    2.5627  H  0  0  0  0  0  0  0  0  0  0  0  0
    2.9959    2.5542    3.3207  H  0  0  0  0  0  0  0  0  0  0  0  0
    4.1368    1.7508    2.4731  H  0  0  0  0  0  0  0  0  0  0  0  0
    3.4877    1.0766    3.8111  H  0  0  0  0  0  0  0  0  0  0  0  0
    2.8250    3.3581    1.7960  H  0  0  0  0  0  0  0  0  0  0  0  0
    4.0474    0.5219   -1.1755  H  0  0  0  0  0  0  0  0  0  0  0  0
    4.5404    0.3104    1.5199  H  0  0  0  0  0  0  0  0  0  0  0  0
    5.4121    2.4665    1.4717  H  0  0  0  0  0  0  0  0  0  0  0  0
    7.5445    3.1046   -0.4479  H  0  0  0  0  0  0  0  0  0  0  0  0
    7.7280    2.3096    0.9670  H  0  0  0  0  0  0  0  0  0  0  0  0
    7.5293    1.2506   -1.6103  H  0  0  0  0  0  0  0  0  0  0  0  0
    1.5277    7.4689    0.8145  H  0  0  0  0  0  0  0  0  0  0  0  0
    0.2262    6.5886    1.2581  H  0  0  0  0  0  0  0  0  0  0  0  0
    0.6927    6.6250   -0.3063  H  0  0  0  0  0  0  0  0  0  0  0  0
    3.7068   -0.8505    3.2591  H  0  0  0  0  0  0  0  0  0  0  0  0
    2.9132   -3.9693   -2.3830  H  0  0  0  0  0  0  0  0  0  0  0  0
    3.3189   -6.3073   -2.6722  H  0  0  0  0  0  0  0  0  0  0  0  0
    5.1624   -4.0106    1.0933  H  0  0  0  0  0  0  0  0  0  0  0  0
    5.5674   -6.3493    0.8040  H  0  0  0  0  0  0  0  0  0  0  0  0
    4.6458   -7.4973   -1.0796  H  0  0  0  0  0  0  0  0  0  0  0  0
    6.7625    0.6981    1.6796  H  0  0  0  0  0  0  0  0  0  0  0  0
    6.8711   -0.9244    1.5276  H  0  0  0  0  0  0  0  0  0  0  0  0
    8.2494   -3.8221   -2.1252  H  0  0  0  0  0  0  0  0  0  0  0  0
    7.0321   -3.1550   -2.9847  H  0  0  0  0  0  0  0  0  0  0  0  0
    6.7064   -3.9866   -1.6178  H  0  0  0  0  0  0  0  0  0  0  0  0
    5.9761    2.4685   -2.1213  H  0  0  0  0  0  0  0  0  0  0  0  0
    5.2598    3.9007   -1.8028  H  0  0  0  0  0  0  0  0  0  0  0  0
    4.4101    2.7042   -2.5186  H  0  0  0  0  0  0  0  0  0  0  0  0
    6.4258    4.5313    1.3869  H  0  0  0  0  0  0  0  0  0  0  0  0
  1  2  2  0  0  2  0
  1  9  1  0  0  2  0
  1  3  1  0  0  2  0
  3  4  4  0  0  1  0
  3  8  4  0  0  1  0
  4  5  4  0  0  1  0
  5  6  4  0  0  1  0
  6  7  4  0  0  1  0
  7  8  4  0  0  1  0
  9 10  1  0  0  2  0
 10 11  1  0  0  2  0
 10 17  1  0  0  2  0
 11 12  4  0  0  1  0
 11 16  4  0  0  1  0
 12 13  4  0  0  1  0
 13 14  4  0  0  1  0
 14 15  4  0  0  1  0
 15 16  4  0  0  1  0
 17 20  1  0  0  2  0
 17 19  1  0  0  2  0
 18 19  1  0  0  2  0
 18 22  1  0  0  2  0
 19 21  2  0  0  2  0
 22 23  1  0  0  1  0
 22 24  1  0  0  1  0
 23 27  2  0  0  1  0
 23 28  1  0  0  2  0
 24 25  1  0  0  1  0
 25 45  1  0  0  2  0
 25 35  1  0  0  1  0
 25 26  1  0  0  1  0
 26 27  1  0  0  1  0
 26 30  1  0  0  2  0
 26 29  1  0  0  2  0
 27 31  1  0  0  1  0
 31 40  1  0  0  2  0
 31 32  1  0  0  1  0
 32 44  2  0  0  2  0
 32 33  1  0  0  1  0
 33 36  1  0  0  1  0
 33 34  1  0  0  1  0
 33 61  1  0  0  2  0
 34 39  1  0  0  1  0
 34 35  1  0  0  1  0
 35 46  1  0  0  2  0
 36 62  1  0  0  2  0
 36 37  1  0  0  1  0
 37 38  1  0  0  1  0
 38 55  1  0  0  1  0
 38 39  1  0  0  1  0
 39 56  1  0  0  2  0
 39 57  1  0  0  1  0
 40 41  1  0  0  2  0
 41 43  2  0  0  2  0
 41 42  1  0  0  2  0
 46 47  1  0  0  2  0
 47 54  2  0  0  2  0
 47 48  1  0  0  2  0
 48 51  4  0  0  1  0
 48 49  4  0  0  1  0
 49 50  4  0  0  1  0
 50 53  4  0  0  1  0
 51 52  4  0  0  1  0
 52 53  4  0  0  1  0
 55 57  1  0  0  1  0
 56 58  1  0  0  2  0
 58 60  2  0  0  2  0
 58 59  1  0  0  2  0
  4 63  1  0  0  2  0
  5 64  1  0  0  2  0
  6 65  1  0  0  2  0
  7 66  1  0  0  2  0
  8 67  1  0  0  2  0
  9 68  1  0  0  2  0
 10 69  1  0  0  2  0
 12 70  1  0  0  2  0
 13 71  1  0  0  2  0
 14 72  1  0  0  2  0
 15 73  1  0  0  2  0
 16 74  1  0  0  2  0
 17 75  1  0  0  2  0
 20 76  1  0  0  2  0
 22 77  1  0  0  2  0
 24 78  1  0  0  2  0
 24 79  1  0  0  2  0
 28 80  1  0  0  2  0
 28 81  1  0  0  2  0
 28 82  1  0  0  2  0
 29 83  1  0  0  2  0
 29 84  1  0  0  2  0
 29 85  1  0  0  2  0
 30 86  1  0  0  2  0
 30 87  1  0  0  2  0
 30 88  1  0  0  2  0
 31 89  1  0  0  2  0
 34 90  1  0  0  2  0
 35 91  1  0  0  2  0
 36 92  1  0  0  2  0
 37 93  1  0  0  2  0
 37 94  1  0  0  2  0
 38 95  1  0  0  2  0
 42 96  1  0  0  2  0
 42 97  1  0  0  2  0
 42 98  1  0  0  2  0
 45 99  1  0  0  2  0
 49100  1  0  0  2  0
 50101  1  0  0  2  0
 51102  1  0  0  2  0
 52103  1  0  0  2  0
 53104  1  0  0  2  0
 57105  1  0  0  2  0
 57106  1  0  0  2  0
 59107  1  0  0  2  0
 59108  1  0  0  2  0
 59109  1  0  0  2  0
 61110  1  0  0  2  0
 61111  1  0  0  2  0
 61112  1  0  0  2  0
 62113  1  0  0  2  0
M  END
> <Field Strength [MHz]>
0:0 

> <Solvent>
0: 

> <Spectrum 13C 0>
167;0.0;0|133.6;0.0;2|127;0.0;3|129;0.0;4|131.9;0.0;5|129;0.0;6|127;0.0;7|55;0.0;9|138;0.0;10|127;0.0;11|128.7;0.0;12|128.3;0.0;13|128.7;0.0;14|127;0.0;15|73.2;0.0;16|172.7;0.0;18|72.3;0.0;21|142;0.0;22|35.7;0.0;23|79;0.0;24|43.2;0.0;25|133.2;0.0;26|14.8;0.0;27|26.9;0.0;28|21.8;0.0;29|75.5;0.0;30|203.6;0.0;31|58.6;0.0;32|45.6;0.0;33|74.9;0.0;34|72.2;0.0;35|35.6;0.0;36|84.4;0.0;37|81.1;0.0;38|171.2;0.0;40|20.8;0.0;41|167;0.0;46|129.1;0.0;47|130.2;0.0;48|128.7;0.0;49|130.2;0.0;50|128.7;0.0;51|133.7;0.0;52|76.5;0.0;56|170.4;0.0;57|22.6;0.0;58|9.5;0.0;60|

> <Temperature [K]>
0:0 

> <bcl_EffectiveAtomPolarizability>
10.1324 6.01698 10.4476 8.86846 7.80894 7.27918 7.80894 8.86846 10.3854 12.3106 11.3851 9.33189 8.0364 7.38669 8.0364 9.33189 10.5372 9.45203 9.28522 6.39032 5.58231 11.6113 11.6725 11.3629 14.0578 13.4964 13.3501 7.89407 8.67053 8.67053 12.5009 11.7879 13.7374 14.3049 14.0027 10.5139 9.09002 9.74337 12.4141 8.92691 7.10094 5.61565 4.4989 6.84297 8.15655 10.7218 10.0781 10.423 8.85406 7.7958 8.85406 7.7958 7.25399 5.99231 6.79482 8.89416 8.32147 7.08758 5.60635 4.4896 8.79561 6.38884 5.2975 4.76775 4.49919 4.76775 5.2975 5.91758 6.86348 5.52496 4.87525 4.55058 4.87525 5.52496 5.97507 3.69058 6.51568 6.39525 6.39525 4.64799 4.64799 4.64799 5.0455 5.0455 5.0455 5.0455 5.0455 5.0455 6.95897 7.86912 7.71668 5.97359 5.25958 5.25958 5.58382 3.51985 3.51985 3.51985 4.58084 5.28437 4.74255 5.28437 4.74255 4.4732 4.87286 4.87286 3.51008 3.51008 3.51008 5.11447 5.11447 5.11447 3.69699 

> <bcl_HBondAcceptors>
15

> <bcl_HBondDonors>
4

> <bcl_MeanMolecularPolarizability>
88.402

> <bcl_MolecularWeight>
853.99

> <bcl_SigmaCharge>
0.343517 -0.234054 0.0692737 -0.0472523 -0.0622199 -0.0630815 -0.0622199 -0.0472523 -0.748012 0.16937 0.005814 -0.0547332 -0.0626619 -0.0631079 -0.0626619 -0.0547332 0.196088 -0.297728 0.288455 -0.342865 -0.263905 0.0902114 -0.0415254 0.00990627 0.113157 0.0209209 -0.0233334 -0.0419906 -0.0539116 -0.0539116 0.146746 0.174202 0.0639439 0.0372802 0.104406 0.0778356 0.00283761 0.0907036 0.133797 -0.293453 0.251171 0.0195748 -0.267555 -0.295436 -0.351806 -0.296437 0.284367 0.0457632 -0.0496735 -0.062313 -0.0496735 -0.062313 -0.0630847 -0.261393 -0.372875 -0.296657 0.0770446 0.250778 0.0195578 -0.267572 -0.0503321 -0.358058 0.0641119 0.063162 0.0631353 0.063162 0.0641119 0.219744 0.0996043 0.0636386 0.0631483 0.0631349 0.0631483 0.0636386 0.0810258 0.163553 0.0685086 0.0337226 0.0337226 0.0282896 0.0282896 0.0282896 0.0244333 0.0244333 0.0244333 0.0244333 0.0244333 0.0244333 0.0772871 0.0386729 0.0671589 0.0645989 0.0330134 0.0330134 0.0660611 0.0344148 0.0344148 0.0344148 0.163238 0.0640151 0.0631604 0.0640151 0.0631604 0.0631353 0.0618854 0.0618854 0.0344145 0.0344145 0.0344145 0.0245698 0.0245698 0.0245698 0.162829 

> <bcl_SigmaEN>
12.1742 13.8686 9.4431 8.35261 8.21582 8.20799 8.21582 8.35261 10.4413 9.58506 8.84444 8.28418 8.2118 8.20775 8.2118 8.28418 9.84838 10.4569 11.607 9.91435 13.464 8.81914 8.40544 8.06599 9.03883 8.168 8.5731 7.59265 7.48526 7.48526 9.36326 10.461 8.56958 8.31956 8.95452 8.70166 8.00095 8.82391 9.23771 10.5086 11.2291 8.15513 13.4147 13.0378 9.80785 10.4725 11.5655 9.21972 8.33046 8.21497 8.33046 8.21497 8.20796 13.498 9.55669 10.4698 8.69414 11.2251 8.15497 13.4145 7.51731 9.73336 7.56754 7.56172 7.56155 7.56172 7.56754 8.51407 7.78546 7.56464 7.56163 7.56155 7.56163 7.56464 7.67127 8.17536 7.5945 7.37958 7.37958 7.346 7.346 7.346 7.32208 7.32208 7.32208 7.32208 7.32208 7.32208 7.64842 7.4102 7.58614 7.57042 7.3752 7.3752 7.57941 7.38385 7.38385 7.38385 8.17347 7.56695 7.56171 7.56695 7.56171 7.56155 7.55368 7.55368 7.38384 7.38384 7.38384 7.32292 7.32292 7.32292 8.17102 

> <bcl_TopologicalPolarSurfaceArea>
194.37

> <bcl_XlogP>
2.411


> <Spectrum 13C 0>
167;0.0;0|133.6;0.0;2|127;0.0;3|129;0.0;4|131.9;0.0;5|129;0.0;6|127;0.0;7|55;0.0;9|138;0.0;10|127;0.0;11|128.7;0.0;12|128.3;0.0;13|128.7;0.0;14|127;0.0;15|73.2;0.0;16|172.7;0.0;18|72.3;0.0;21|142;0.0;22|35.7;0.0;23|79;0.0;24|43.2;0.0;25|133.2;0.0;26|14.8;0.0;27|26.9;0.0;28|21.8;0.0;29|75.5;0.0;30|203.6;0.0;31|58.6;0.0;32|45.6;0.0;33|74.9;0.0;34|72.2;0.0;35|35.6;0.0;36|84.4;0.0;37|81.1;0.0;38|171.2;0.0;40|20.8;0.0;41|167;0.0;46|129.1;0.0;47|130.2;0.0;48|128.7;0.0;49|130.2;0.0;50|128.7;0.0;51|133.7;0.0;52|76.5;0.0;56|170.4;0.0;57|22.6;0.0;58|9.5;0.0;60|

> <Field Strength [MHz]>
0:0 

> <Solvent>
0:  

> <Temperature [K]>
0:0 

$$$$
